mode: set
github.com/codejedi-ai/kaggle-for-tensors/tailscale-app/tailbridge/test_platform/mock/mock_network.go:96.36,104.2 1 0
github.com/codejedi-ai/kaggle-for-tensors/tailscale-app/tailbridge/test_platform/mock/mock_network.go:107.75,124.2 2 0
github.com/codejedi-ai/kaggle-for-tensors/tailscale-app/tailbridge/test_platform/mock/mock_network.go:127.51,131.2 3 0
github.com/codejedi-ai/kaggle-for-tensors/tailscale-app/tailbridge/test_platform/mock/mock_network.go:134.65,139.2 4 0
github.com/codejedi-ai/kaggle-for-tensors/tailscale-app/tailbridge/test_platform/mock/mock_network.go:142.52,147.34 4 0
github.com/codejedi-ai/kaggle-for-tensors/tailscale-app/tailbridge/test_platform/mock/mock_network.go:147.34,149.3 1 0
github.com/codejedi-ai/kaggle-for-tensors/tailscale-app/tailbridge/test_platform/mock/mock_network.go:150.2,150.15 1 0
github.com/codejedi-ai/kaggle-for-tensors/tailscale-app/tailbridge/test_platform/mock/mock_network.go:154.66,159.34 4 0
github.com/codejedi-ai/kaggle-for-tensors/tailscale-app/tailbridge/test_platform/mock/mock_network.go:159.34,160.36 1 0
github.com/codejedi-ai/kaggle-for-tensors/tailscale-app/tailbridge/test_platform/mock/mock_network.go:160.36,162.4 1 0
github.com/codejedi-ai/kaggle-for-tensors/tailscale-app/tailbridge/test_platform/mock/mock_network.go:164.2,164.16 1 0
github.com/codejedi-ai/kaggle-for-tensors/tailscale-app/tailbridge/test_platform/mock/mock_network.go:168.78,173.34 4 0
github.com/codejedi-ai/kaggle-for-tensors/tailscale-app/tailbridge/test_platform/mock/mock_network.go:173.34,174.42 1 0
github.com/codejedi-ai/kaggle-for-tensors/tailscale-app/tailbridge/test_platform/mock/mock_network.go:174.42,175.25 1 0
github.com/codejedi-ai/kaggle-for-tensors/tailscale-app/tailbridge/test_platform/mock/mock_network.go:175.25,177.10 2 0
github.com/codejedi-ai/kaggle-for-tensors/tailscale-app/tailbridge/test_platform/mock/mock_network.go:181.2,181.16 1 0
github.com/codejedi-ai/kaggle-for-tensors/tailscale-app/tailbridge/test_platform/mock/mock_network.go:185.75,188.13 3 0
github.com/codejedi-ai/kaggle-for-tensors/tailscale-app/tailbridge/test_platform/mock/mock_network.go:188.13,191.3 2 0
github.com/codejedi-ai/kaggle-for-tensors/tailscale-app/tailbridge/test_platform/mock/mock_network.go:192.2,195.27 2 0
github.com/codejedi-ai/kaggle-for-tensors/tailscale-app/tailbridge/test_platform/mock/mock_network.go:195.27,197.3 1 0
github.com/codejedi-ai/kaggle-for-tensors/tailscale-app/tailbridge/test_platform/mock/mock_network.go:200.2,200.83 1 0
github.com/codejedi-ai/kaggle-for-tensors/tailscale-app/tailbridge/test_platform/mock/mock_network.go:200.83,202.3 1 0
github.com/codejedi-ai/kaggle-for-tensors/tailscale-app/tailbridge/test_platform/mock/mock_network.go:205.2,214.13 8 0
github.com/codejedi-ai/kaggle-for-tensors/tailscale-app/tailbridge/test_platform/mock/mock_network.go:214.13,216.3 1 0
github.com/codejedi-ai/kaggle-for-tensors/tailscale-app/tailbridge/test_platform/mock/mock_network.go:218.2,218.23 1 0
github.com/codejedi-ai/kaggle-for-tensors/tailscale-app/tailbridge/test_platform/mock/mock_network.go:218.23,220.3 1 0
github.com/codejedi-ai/kaggle-for-tensors/tailscale-app/tailbridge/test_platform/mock/mock_network.go:223.2,223.9 1 0
github.com/codejedi-ai/kaggle-for-tensors/tailscale-app/tailbridge/test_platform/mock/mock_network.go:224.29,231.54 5 0
github.com/codejedi-ai/kaggle-for-tensors/tailscale-app/tailbridge/test_platform/mock/mock_network.go:231.54,233.25 2 0
github.com/codejedi-ai/kaggle-for-tensors/tailscale-app/tailbridge/test_platform/mock/mock_network.go:233.25,235.5 1 0
github.com/codejedi-ai/kaggle-for-tensors/tailscale-app/tailbridge/test_platform/mock/mock_network.go:238.3,238.13 1 0
github.com/codejedi-ai/kaggle-for-tensors/tailscale-app/tailbridge/test_platform/mock/mock_network.go:239.10,240.43 1 0
github.com/codejedi-ai/kaggle-for-tensors/tailscale-app/tailbridge/test_platform/mock/mock_network.go:245.65,256.52 7 0
github.com/codejedi-ai/kaggle-for-tensors/tailscale-app/tailbridge/test_platform/mock/mock_network.go:256.52,257.37 1 0
github.com/codejedi-ai/kaggle-for-tensors/tailscale-app/tailbridge/test_platform/mock/mock_network.go:257.37,258.11 1 0
github.com/codejedi-ai/kaggle-for-tensors/tailscale-app/tailbridge/test_platform/mock/mock_network.go:259.29,262.23 3 0
github.com/codejedi-ai/kaggle-for-tensors/tailscale-app/tailbridge/test_platform/mock/mock_network.go:263.12,263.12 0 0
github.com/codejedi-ai/kaggle-for-tensors/tailscale-app/tailbridge/test_platform/mock/mock_network.go:269.2,269.12 1 0
github.com/codejedi-ai/kaggle-for-tensors/tailscale-app/tailbridge/test_platform/mock/mock_network.go:273.91,278.13 4 0
github.com/codejedi-ai/kaggle-for-tensors/tailscale-app/tailbridge/test_platform/mock/mock_network.go:278.13,286.3 2 0
github.com/codejedi-ai/kaggle-for-tensors/tailscale-app/tailbridge/test_platform/mock/mock_network.go:289.2,289.36 1 0
github.com/codejedi-ai/kaggle-for-tensors/tailscale-app/tailbridge/test_platform/mock/mock_network.go:289.36,290.32 1 0
github.com/codejedi-ai/kaggle-for-tensors/tailscale-app/tailbridge/test_platform/mock/mock_network.go:290.32,292.4 1 0
github.com/codejedi-ai/kaggle-for-tensors/tailscale-app/tailbridge/test_platform/mock/mock_network.go:295.2,298.12 3 0
github.com/codejedi-ai/kaggle-for-tensors/tailscale-app/tailbridge/test_platform/mock/mock_network.go:302.76,307.13 4 0
github.com/codejedi-ai/kaggle-for-tensors/tailscale-app/tailbridge/test_platform/mock/mock_network.go:307.13,309.3 1 0
github.com/codejedi-ai/kaggle-for-tensors/tailscale-app/tailbridge/test_platform/mock/mock_network.go:311.2,311.28 1 0
github.com/codejedi-ai/kaggle-for-tensors/tailscale-app/tailbridge/test_platform/mock/mock_network.go:311.28,313.3 1 0
github.com/codejedi-ai/kaggle-for-tensors/tailscale-app/tailbridge/test_platform/mock/mock_network.go:315.2,315.39 1 0
github.com/codejedi-ai/kaggle-for-tensors/tailscale-app/tailbridge/test_platform/mock/mock_network.go:319.92,332.2 5 0
github.com/codejedi-ai/kaggle-for-tensors/tailscale-app/tailbridge/test_platform/mock/mock_network.go:335.65,339.2 3 0
github.com/codejedi-ai/kaggle-for-tensors/tailscale-app/tailbridge/test_platform/mock/mock_network.go:342.52,346.2 3 0
github.com/codejedi-ai/kaggle-for-tensors/tailscale-app/tailbridge/test_platform/mock/mock_network.go:349.101,357.19 6 0
github.com/codejedi-ai/kaggle-for-tensors/tailscale-app/tailbridge/test_platform/mock/mock_network.go:357.19,359.3 1 0
github.com/codejedi-ai/kaggle-for-tensors/tailscale-app/tailbridge/test_platform/mock/mock_network.go:361.2,361.21 1 0
github.com/codejedi-ai/kaggle-for-tensors/tailscale-app/tailbridge/test_platform/mock/mock_network.go:361.21,363.3 1 0
github.com/codejedi-ai/kaggle-for-tensors/tailscale-app/tailbridge/test_platform/mock/mock_network.go:365.2,365.21 1 0
github.com/codejedi-ai/kaggle-for-tensors/tailscale-app/tailbridge/test_platform/mock/mock_network.go:365.21,367.3 1 0
github.com/codejedi-ai/kaggle-for-tensors/tailscale-app/tailbridge/test_platform/mock/mock_network.go:369.2,369.23 1 0
github.com/codejedi-ai/kaggle-for-tensors/tailscale-app/tailbridge/test_platform/mock/mock_network.go:369.23,371.3 1 0
github.com/codejedi-ai/kaggle-for-tensors/tailscale-app/tailbridge/test_platform/mock/mock_network.go:374.2,375.29 2 0
github.com/codejedi-ai/kaggle-for-tensors/tailscale-app/tailbridge/test_platform/mock/mock_network.go:375.29,377.3 1 0
github.com/codejedi-ai/kaggle-for-tensors/tailscale-app/tailbridge/test_platform/mock/mock_network.go:380.2,401.24 6 0
github.com/codejedi-ai/kaggle-for-tensors/tailscale-app/tailbridge/test_platform/mock/mock_network.go:405.76,410.13 4 0
github.com/codejedi-ai/kaggle-for-tensors/tailscale-app/tailbridge/test_platform/mock/mock_network.go:410.13,412.3 1 0
github.com/codejedi-ai/kaggle-for-tensors/tailscale-app/tailbridge/test_platform/mock/mock_network.go:414.2,418.13 4 0
github.com/codejedi-ai/kaggle-for-tensors/tailscale-app/tailbridge/test_platform/mock/mock_network.go:418.13,420.3 1 0
github.com/codejedi-ai/kaggle-for-tensors/tailscale-app/tailbridge/test_platform/mock/mock_network.go:422.2,422.18 1 0
github.com/codejedi-ai/kaggle-for-tensors/tailscale-app/tailbridge/test_platform/mock/mock_network.go:426.94,437.2 1 0
github.com/codejedi-ai/kaggle-for-tensors/tailscale-app/tailbridge/test_platform/mock/mock_network.go:440.53,445.13 4 0
github.com/codejedi-ai/kaggle-for-tensors/tailscale-app/tailbridge/test_platform/mock/mock_network.go:445.13,447.3 1 0
github.com/codejedi-ai/kaggle-for-tensors/tailscale-app/tailbridge/test_platform/mock/mock_network.go:449.2,452.12 3 0
github.com/codejedi-ai/kaggle-for-tensors/tailscale-app/tailbridge/test_platform/mock/mock_network.go:456.54,461.13 4 0
github.com/codejedi-ai/kaggle-for-tensors/tailscale-app/tailbridge/test_platform/mock/mock_network.go:461.13,463.3 1 0
github.com/codejedi-ai/kaggle-for-tensors/tailscale-app/tailbridge/test_platform/mock/mock_network.go:465.2,468.12 3 0
github.com/codejedi-ai/kaggle-for-tensors/tailscale-app/tailbridge/test_platform/mock/mock_network.go:472.51,477.34 4 0
github.com/codejedi-ai/kaggle-for-tensors/tailscale-app/tailbridge/test_platform/mock/mock_network.go:477.34,485.3 1 0
github.com/codejedi-ai/kaggle-for-tensors/tailscale-app/tailbridge/test_platform/mock/mock_network.go:487.2,487.18 1 0
github.com/codejedi-ai/kaggle-for-tensors/tailscale-app/tailbridge/test_platform/mock/mock_network.go:500.38,504.2 1 0
github.com/codejedi-ai/kaggle-for-tensors/tailscale-app/tailbridge/test_platform/mock/mock_network.go:506.43,507.43 1 0
github.com/codejedi-ai/kaggle-for-tensors/tailscale-app/tailbridge/test_platform/mock/mock_network.go:507.43,508.35 1 0
github.com/codejedi-ai/kaggle-for-tensors/tailscale-app/tailbridge/test_platform/mock/mock_network.go:508.35,510.4 1 0
github.com/codejedi-ai/kaggle-for-tensors/tailscale-app/tailbridge/test_platform/mock/mock_network.go:512.2,512.14 1 0
